e:\studia\c++\pacman\pacman\debug\vc141.pdb
e:\studia\c++\pacman\pacman\debug\vc141.idb
e:\studia\c++\pacman\pacman\debug\cords.obj
e:\studia\c++\pacman\pacman\debug\fruit.obj
e:\studia\c++\pacman\pacman\debug\gra.obj
e:\studia\c++\pacman\pacman\debug\mapa.obj
e:\studia\c++\pacman\pacman\debug\pacman.obj
e:\studia\c++\pacman\pacman\debug\source.obj
e:\studia\c++\pacman\pacman\debug\elstosu.obj
e:\studia\c++\pacman\pacman\debug\stos.obj
e:\studia\c++\pacman\pacman\debug\ghost.obj
e:\studia\c++\pacman\debug\pacman.ilk
e:\studia\c++\pacman\debug\pacman.exe
e:\studia\c++\pacman\debug\pacman.pdb
e:\studia\c++\pacman\pacman\debug\pacman.tlog\cl.command.1.tlog
e:\studia\c++\pacman\pacman\debug\pacman.tlog\cl.read.1.tlog
e:\studia\c++\pacman\pacman\debug\pacman.tlog\cl.write.1.tlog
e:\studia\c++\pacman\pacman\debug\pacman.tlog\link.command.1.tlog
e:\studia\c++\pacman\pacman\debug\pacman.tlog\link.read.1.tlog
e:\studia\c++\pacman\pacman\debug\pacman.tlog\link.write.1.tlog
